<?xml version="1.0" encoding="UTF-8"?>
<!-- Generated by org.testng.reporters.JUnitXMLReporter -->
<testsuite ignored="0" hostname="SRMRILAP" failures="0" tests="5" name="Netflix" time="148.491" errors="0" timestamp="2021-05-04T09:35:37 IST">
  <testcase classname="com.qa.testscripts.TC_Netflix_01" name="Login" time="11.403"/>
  <testcase classname="com.qa.testscripts.TC_Netflix_01" name="AddMovieToMyList" time="38.57"/>
  <testcase classname="com.qa.testscripts.TC_Netflix_01" name="AddMovieToMyList" time="37.692"/>
  <testcase classname="com.qa.testscripts.TC_Netflix_01" name="AddMovieToMyList" time="37.97"/>
  <testcase classname="com.qa.testscripts.TC_Netflix_01" name="AddMovieToMyList" time="11.91"/>
</testsuite> <!-- Netflix -->
