<?xml version="1.0" encoding="UTF-8"?>
<!-- Generated by org.testng.reporters.JUnitXMLReporter -->
<testsuite ignored="0" hostname="SRMRILAP" failures="0" tests="5" name="Test" time="151.201" errors="0" timestamp="2021-05-03T18:25:46 IST">
  <testcase classname="com.qa.testscripts.TC_Netflix_01" name="Login" time="12.012"/>
  <testcase classname="com.qa.testscripts.TC_Netflix_01" name="AddMovieToMyList" time="39.911"/>
  <testcase classname="com.qa.testscripts.TC_Netflix_01" name="AddMovieToMyList" time="38.759"/>
  <testcase classname="com.qa.testscripts.TC_Netflix_01" name="AddMovieToMyList" time="38.539"/>
  <testcase classname="com.qa.testscripts.TC_Netflix_01" name="AddMovieToMyList" time="11.466"/>
</testsuite> <!-- Test -->
